#! /opt/homebrew/Cellar/icarus-verilog/13.0/bin/vvp
:ivl_version "13.0 (stable)" "(v13_0)";
:ivl_delay_selection "TYPICAL";
:vpi_time_precision - 12;
:vpi_module "/opt/homebrew/Cellar/icarus-verilog/13.0/lib/ivl/system.vpi";
:vpi_module "/opt/homebrew/Cellar/icarus-verilog/13.0/lib/ivl/vhdl_sys.vpi";
:vpi_module "/opt/homebrew/Cellar/icarus-verilog/13.0/lib/ivl/vhdl_textio.vpi";
:vpi_module "/opt/homebrew/Cellar/icarus-verilog/13.0/lib/ivl/v2005_math.vpi";
:vpi_module "/opt/homebrew/Cellar/icarus-verilog/13.0/lib/ivl/va_math.vpi";
S_0x1019184e0 .scope module, "question1_alu32_tb" "question1_alu32_tb" 2 3;
 .timescale -9 -12;
v0x10191f0b0_0 .var "A", 31 0;
v0xb5086c000_0 .var "ALUCntrl", 2 0;
v0xb5086c0a0_0 .var "B", 31 0;
v0xb5086c140_0 .net "Zero", 0 0, L_0x10191f5b0;  1 drivers
v0xb5086c1e0_0 .net "result", 31 0, v0x10191f010_0;  1 drivers
S_0x101918660 .scope module, "dut" "alu32" 2 17, 3 4 0, S_0x1019184e0;
 .timescale -9 -12;
    .port_info 0 /INPUT 32 "A";
    .port_info 1 /INPUT 32 "B";
    .port_info 2 /INPUT 3 "ALUCntrl";
    .port_info 3 /OUTPUT 32 "result";
    .port_info 4 /OUTPUT 1 "Zero";
v0x101914860_0 .net "A", 31 0, v0x10191f0b0_0;  1 drivers
v0x101914900_0 .net "ALUCntrl", 2 0, v0xb5086c000_0;  1 drivers
v0x1019149a0_0 .net "B", 31 0, v0xb5086c0a0_0;  1 drivers
v0x101914a40_0 .net "Zero", 0 0, L_0x10191f5b0;  alias, 1 drivers
L_0xb50c54010 .functor BUFT 1, C4<00000000000000000000000000000000>, C4<0>, C4<0>, C4<0>;
v0x10191ef70_0 .net/2u *"_ivl_0", 31 0, L_0xb50c54010;  1 drivers
v0x10191f010_0 .var "result", 31 0;
E_0x101919210 .event anyedge, v0x101914900_0, v0x101914860_0, v0x1019149a0_0;
L_0x10191f5b0 .cmp/eq 32, v0x10191f010_0, L_0xb50c54010;
    .scope S_0x101918660;
T_0 ;
    %wait E_0x101919210;
    %load/vec4 v0x101914900_0;
    %dup/vec4;
    %pushi/vec4 0, 0, 3;
    %cmp/u;
    %jmp/1 T_0.0, 6;
    %dup/vec4;
    %pushi/vec4 1, 0, 3;
    %cmp/u;
    %jmp/1 T_0.1, 6;
    %dup/vec4;
    %pushi/vec4 2, 0, 3;
    %cmp/u;
    %jmp/1 T_0.2, 6;
    %dup/vec4;
    %pushi/vec4 6, 0, 3;
    %cmp/u;
    %jmp/1 T_0.3, 6;
    %dup/vec4;
    %pushi/vec4 7, 0, 3;
    %cmp/u;
    %jmp/1 T_0.4, 6;
    %pushi/vec4 0, 0, 32;
    %store/vec4 v0x10191f010_0, 0, 32;
    %jmp T_0.6;
T_0.0 ;
    %load/vec4 v0x101914860_0;
    %load/vec4 v0x1019149a0_0;
    %and;
    %store/vec4 v0x10191f010_0, 0, 32;
    %jmp T_0.6;
T_0.1 ;
    %load/vec4 v0x101914860_0;
    %load/vec4 v0x1019149a0_0;
    %or;
    %store/vec4 v0x10191f010_0, 0, 32;
    %jmp T_0.6;
T_0.2 ;
    %load/vec4 v0x101914860_0;
    %load/vec4 v0x1019149a0_0;
    %add;
    %store/vec4 v0x10191f010_0, 0, 32;
    %jmp T_0.6;
T_0.3 ;
    %load/vec4 v0x101914860_0;
    %load/vec4 v0x1019149a0_0;
    %sub;
    %store/vec4 v0x10191f010_0, 0, 32;
    %jmp T_0.6;
T_0.4 ;
    %load/vec4 v0x101914860_0;
    %load/vec4 v0x1019149a0_0;
    %cmp/s;
    %flag_mov 8, 5;
    %jmp/0 T_0.7, 8;
    %pushi/vec4 1, 0, 32;
    %jmp/1 T_0.8, 8;
T_0.7 ; End of true expr.
    %pushi/vec4 0, 0, 32;
    %jmp/0 T_0.8, 8;
 ; End of false expr.
    %blend;
T_0.8;
    %store/vec4 v0x10191f010_0, 0, 32;
    %jmp T_0.6;
T_0.6 ;
    %pop/vec4 1;
    %jmp T_0;
    .thread T_0, $push;
    .scope S_0x1019184e0;
T_1 ;
    %vpi_call 2 27 "$display", "Question 1: Testing alu32..." {0 0 0};
    %pushi/vec4 15, 0, 32;
    %store/vec4 v0x10191f0b0_0, 0, 32;
    %pushi/vec4 51, 0, 32;
    %store/vec4 v0xb5086c0a0_0, 0, 32;
    %pushi/vec4 0, 0, 3;
    %store/vec4 v0xb5086c000_0, 0, 3;
    %delay 1000, 0;
    %vpi_call 2 31 "$display", "AND: A=%h B=%h result=%h Zero=%b", v0x10191f0b0_0, v0xb5086c0a0_0, v0xb5086c1e0_0, v0xb5086c140_0 {0 0 0};
    %load/vec4 v0xb5086c1e0_0;
    %cmpi/ne 3, 0, 32;
    %jmp/0xz  T_1.0, 6;
    %vpi_call 2 32 "$display", "ALU AND failed" {0 0 0};
T_1.0 ;
    %pushi/vec4 1, 0, 3;
    %store/vec4 v0xb5086c000_0, 0, 3;
    %delay 1000, 0;
    %vpi_call 2 36 "$display", "OR:  A=%h B=%h result=%h Zero=%b", v0x10191f0b0_0, v0xb5086c0a0_0, v0xb5086c1e0_0, v0xb5086c140_0 {0 0 0};
    %load/vec4 v0xb5086c1e0_0;
    %cmpi/ne 63, 0, 32;
    %jmp/0xz  T_1.2, 6;
    %vpi_call 2 37 "$display", "ALU OR failed" {0 0 0};
T_1.2 ;
    %pushi/vec4 10, 0, 32;
    %store/vec4 v0x10191f0b0_0, 0, 32;
    %pushi/vec4 15, 0, 32;
    %store/vec4 v0xb5086c0a0_0, 0, 32;
    %pushi/vec4 2, 0, 3;
    %store/vec4 v0xb5086c000_0, 0, 3;
    %delay 1000, 0;
    %vpi_call 2 41 "$display", "ADD: A=%0d B=%0d result=%0d Zero=%b", v0x10191f0b0_0, v0xb5086c0a0_0, v0xb5086c1e0_0, v0xb5086c140_0 {0 0 0};
    %load/vec4 v0xb5086c1e0_0;
    %cmpi/ne 25, 0, 32;
    %jmp/0xz  T_1.4, 6;
    %vpi_call 2 42 "$display", "ALU ADD failed" {0 0 0};
T_1.4 ;
    %pushi/vec4 10, 0, 32;
    %store/vec4 v0x10191f0b0_0, 0, 32;
    %pushi/vec4 10, 0, 32;
    %store/vec4 v0xb5086c0a0_0, 0, 32;
    %pushi/vec4 6, 0, 3;
    %store/vec4 v0xb5086c000_0, 0, 3;
    %delay 1000, 0;
    %vpi_call 2 46 "$display", "SUB: A=%0d B=%0d result=%0d Zero=%b", v0x10191f0b0_0, v0xb5086c0a0_0, v0xb5086c1e0_0, v0xb5086c140_0 {0 0 0};
    %load/vec4 v0xb5086c1e0_0;
    %cmpi/ne 0, 0, 32;
    %jmp/1 T_1.8, 6;
    %flag_mov 8, 6;
    %load/vec4 v0xb5086c140_0;
    %cmpi/ne 1, 0, 1;
    %flag_or 6, 8;
T_1.8;
    %jmp/0xz  T_1.6, 6;
    %vpi_call 2 47 "$display", "ALU SUB/Zero failed" {0 0 0};
T_1.6 ;
    %pushi/vec4 4294967292, 0, 32;
    %store/vec4 v0x10191f0b0_0, 0, 32;
    %pushi/vec4 3, 0, 32;
    %store/vec4 v0xb5086c0a0_0, 0, 32;
    %pushi/vec4 7, 0, 3;
    %store/vec4 v0xb5086c000_0, 0, 3;
    %delay 1000, 0;
    %load/vec4 v0x10191f0b0_0;
    %load/vec4 v0xb5086c0a0_0;
    %vpi_call 2 51 "$display", "SLT: A=%0d B=%0d result=%0d Zero=%b", S<1,vec4,s32>, S<0,vec4,s32>, v0xb5086c1e0_0, v0xb5086c140_0 {2 0 0};
    %load/vec4 v0xb5086c1e0_0;
    %cmpi/ne 1, 0, 32;
    %jmp/0xz  T_1.9, 6;
    %vpi_call 2 52 "$display", "ALU SLT failed" {0 0 0};
T_1.9 ;
    %vpi_call 2 54 "$display", "Question 1 test finished." {0 0 0};
    %vpi_call 2 55 "$finish" {0 0 0};
    %end;
    .thread T_1;
# The file index is used to find the file name in the following table.
:file_names 4;
    "N/A";
    "<interactive>";
    "question1_alu32_tb.v";
    "question1_alu32.v";
