#! /opt/homebrew/Cellar/icarus-verilog/13.0/bin/vvp
:ivl_version "13.0 (stable)" "(v13_0)";
:ivl_delay_selection "TYPICAL";
:vpi_time_precision - 12;
:vpi_module "/opt/homebrew/Cellar/icarus-verilog/13.0/lib/ivl/system.vpi";
:vpi_module "/opt/homebrew/Cellar/icarus-verilog/13.0/lib/ivl/vhdl_sys.vpi";
:vpi_module "/opt/homebrew/Cellar/icarus-verilog/13.0/lib/ivl/vhdl_textio.vpi";
:vpi_module "/opt/homebrew/Cellar/icarus-verilog/13.0/lib/ivl/v2005_math.vpi";
:vpi_module "/opt/homebrew/Cellar/icarus-verilog/13.0/lib/ivl/va_math.vpi";
S_0x10114a4d0 .scope module, "question5_priority8_tb" "question5_priority8_tb" 2 3;
 .timescale -9 -12;
v0x1011509b0_0 .var "D", 7 0;
v0x101150a50_0 .net "Y", 2 0, v0x101148260_0;  1 drivers
v0x101150af0_0 .net "valid", 0 0, L_0x101150320;  1 drivers
S_0x101148040 .scope module, "dut" "priority8" 2 8, 3 8 0, S_0x10114a4d0;
 .timescale -9 -12;
    .port_info 0 /INPUT 8 "D";
    .port_info 1 /OUTPUT 3 "Y";
    .port_info 2 /OUTPUT 1 "valid";
v0x1011481c0_0 .net "D", 7 0, v0x1011509b0_0;  1 drivers
v0x101148260_0 .var "Y", 2 0;
v0x101150910_0 .net "valid", 0 0, L_0x101150320;  alias, 1 drivers
E_0x10114dc90 .event anyedge, v0x1011481c0_0;
L_0x101150320 .reduce/or v0x1011509b0_0;
    .scope S_0x101148040;
T_0 ;
    %wait E_0x10114dc90;
    %load/vec4 v0x1011481c0_0;
    %dup/vec4;
    %pushi/vec4 255, 127, 8;
    %cmp/x;
    %jmp/1 T_0.0, 4;
    %dup/vec4;
    %pushi/vec4 127, 63, 8;
    %cmp/x;
    %jmp/1 T_0.1, 4;
    %dup/vec4;
    %pushi/vec4 63, 31, 8;
    %cmp/x;
    %jmp/1 T_0.2, 4;
    %dup/vec4;
    %pushi/vec4 31, 15, 8;
    %cmp/x;
    %jmp/1 T_0.3, 4;
    %dup/vec4;
    %pushi/vec4 15, 7, 8;
    %cmp/x;
    %jmp/1 T_0.4, 4;
    %dup/vec4;
    %pushi/vec4 7, 3, 8;
    %cmp/x;
    %jmp/1 T_0.5, 4;
    %dup/vec4;
    %pushi/vec4 3, 1, 8;
    %cmp/x;
    %jmp/1 T_0.6, 4;
    %dup/vec4;
    %pushi/vec4 1, 0, 8;
    %cmp/x;
    %jmp/1 T_0.7, 4;
    %pushi/vec4 0, 0, 3;
    %store/vec4 v0x101148260_0, 0, 3;
    %jmp T_0.9;
T_0.0 ;
    %pushi/vec4 7, 0, 3;
    %store/vec4 v0x101148260_0, 0, 3;
    %jmp T_0.9;
T_0.1 ;
    %pushi/vec4 6, 0, 3;
    %store/vec4 v0x101148260_0, 0, 3;
    %jmp T_0.9;
T_0.2 ;
    %pushi/vec4 5, 0, 3;
    %store/vec4 v0x101148260_0, 0, 3;
    %jmp T_0.9;
T_0.3 ;
    %pushi/vec4 4, 0, 3;
    %store/vec4 v0x101148260_0, 0, 3;
    %jmp T_0.9;
T_0.4 ;
    %pushi/vec4 3, 0, 3;
    %store/vec4 v0x101148260_0, 0, 3;
    %jmp T_0.9;
T_0.5 ;
    %pushi/vec4 2, 0, 3;
    %store/vec4 v0x101148260_0, 0, 3;
    %jmp T_0.9;
T_0.6 ;
    %pushi/vec4 1, 0, 3;
    %store/vec4 v0x101148260_0, 0, 3;
    %jmp T_0.9;
T_0.7 ;
    %pushi/vec4 0, 0, 3;
    %store/vec4 v0x101148260_0, 0, 3;
    %jmp T_0.9;
T_0.9 ;
    %pop/vec4 1;
    %jmp T_0;
    .thread T_0, $push;
    .scope S_0x10114a4d0;
T_1 ;
    %vpi_call 2 15 "$display", "Question 5: Testing priority8..." {0 0 0};
    %pushi/vec4 0, 0, 8;
    %store/vec4 v0x1011509b0_0, 0, 8;
    %delay 1000, 0;
    %vpi_call 2 18 "$display", "D=%b Y=%0d valid=%b", v0x1011509b0_0, v0x101150a50_0, v0x101150af0_0 {0 0 0};
    %load/vec4 v0x101150af0_0;
    %cmpi/ne 0, 0, 1;
    %jmp/1 T_1.2, 6;
    %flag_mov 8, 6;
    %load/vec4 v0x101150a50_0;
    %cmpi/ne 0, 0, 3;
    %flag_or 6, 8;
T_1.2;
    %jmp/0xz  T_1.0, 6;
    %vpi_call 2 19 "$display", "Priority none failed" {0 0 0};
T_1.0 ;
    %pushi/vec4 1, 0, 8;
    %store/vec4 v0x1011509b0_0, 0, 8;
    %delay 1000, 0;
    %vpi_call 2 22 "$display", "D=%b Y=%0d valid=%b", v0x1011509b0_0, v0x101150a50_0, v0x101150af0_0 {0 0 0};
    %load/vec4 v0x101150af0_0;
    %cmpi/ne 1, 0, 1;
    %jmp/1 T_1.5, 6;
    %flag_mov 8, 6;
    %load/vec4 v0x101150a50_0;
    %cmpi/ne 0, 0, 3;
    %flag_or 6, 8;
T_1.5;
    %jmp/0xz  T_1.3, 6;
    %vpi_call 2 23 "$display", "Priority bit 0 failed" {0 0 0};
T_1.3 ;
    %pushi/vec4 18, 0, 8;
    %store/vec4 v0x1011509b0_0, 0, 8;
    %delay 1000, 0;
    %vpi_call 2 26 "$display", "D=%b Y=%0d valid=%b", v0x1011509b0_0, v0x101150a50_0, v0x101150af0_0 {0 0 0};
    %load/vec4 v0x101150af0_0;
    %cmpi/ne 1, 0, 1;
    %jmp/1 T_1.8, 6;
    %flag_mov 8, 6;
    %load/vec4 v0x101150a50_0;
    %cmpi/ne 4, 0, 3;
    %flag_or 6, 8;
T_1.8;
    %jmp/0xz  T_1.6, 6;
    %vpi_call 2 27 "$display", "Priority bit 4 failed" {0 0 0};
T_1.6 ;
    %pushi/vec4 170, 0, 8;
    %store/vec4 v0x1011509b0_0, 0, 8;
    %delay 1000, 0;
    %vpi_call 2 30 "$display", "D=%b Y=%0d valid=%b", v0x1011509b0_0, v0x101150a50_0, v0x101150af0_0 {0 0 0};
    %load/vec4 v0x101150af0_0;
    %cmpi/ne 1, 0, 1;
    %jmp/1 T_1.11, 6;
    %flag_mov 8, 6;
    %load/vec4 v0x101150a50_0;
    %cmpi/ne 7, 0, 3;
    %flag_or 6, 8;
T_1.11;
    %jmp/0xz  T_1.9, 6;
    %vpi_call 2 31 "$display", "Priority bit 7 failed" {0 0 0};
T_1.9 ;
    %vpi_call 2 33 "$display", "Question 5 test finished." {0 0 0};
    %vpi_call 2 34 "$finish" {0 0 0};
    %end;
    .thread T_1;
# The file index is used to find the file name in the following table.
:file_names 4;
    "N/A";
    "<interactive>";
    "question5_priority8_tb.v";
    "question5_priority8.v";
