#! /opt/homebrew/Cellar/icarus-verilog/13.0/bin/vvp
:ivl_version "13.0 (stable)" "(v13_0)";
:ivl_delay_selection "TYPICAL";
:vpi_time_precision - 12;
:vpi_module "/opt/homebrew/Cellar/icarus-verilog/13.0/lib/ivl/system.vpi";
:vpi_module "/opt/homebrew/Cellar/icarus-verilog/13.0/lib/ivl/vhdl_sys.vpi";
:vpi_module "/opt/homebrew/Cellar/icarus-verilog/13.0/lib/ivl/vhdl_textio.vpi";
:vpi_module "/opt/homebrew/Cellar/icarus-verilog/13.0/lib/ivl/v2005_math.vpi";
:vpi_module "/opt/homebrew/Cellar/icarus-verilog/13.0/lib/ivl/va_math.vpi";
S_0x105420930 .scope module, "question7_sr_latch_tb" "question7_sr_latch_tb" 2 3;
 .timescale -9 -12;
v0x105429680_0 .net "Q", 0 0, L_0x1054292e0;  1 drivers
v0x105429720_0 .net "Qn", 0 0, L_0x105421bd0;  1 drivers
v0x1054297c0_0 .var "R", 0 0;
v0x105429860_0 .var "S", 0 0;
S_0x105421930 .scope module, "dut" "srLatch" 2 9, 3 9 0, S_0x105420930;
 .timescale -9 -12;
    .port_info 0 /INPUT 1 "S";
    .port_info 1 /INPUT 1 "R";
    .port_info 2 /OUTPUT 1 "Q";
    .port_info 3 /OUTPUT 1 "Qn";
L_0x1054292e0 .functor NOR 1, v0x1054297c0_0, L_0x105421bd0, C4<0>, C4<0>;
L_0x105421bd0 .functor NOR 1, v0x105429860_0, L_0x1054292e0, C4<0>, C4<0>;
v0x105421b30_0 .net "Q", 0 0, L_0x1054292e0;  alias, 1 drivers
v0x105429100_0 .net "Qn", 0 0, L_0x105421bd0;  alias, 1 drivers
v0x1054291a0_0 .net "R", 0 0, v0x1054297c0_0;  1 drivers
v0x105429240_0 .net "S", 0 0, v0x105429860_0;  1 drivers
    .scope S_0x105420930;
T_0 ;
    %vpi_call 2 17 "$display", "Question 7: Testing srLatch..." {0 0 0};
    %pushi/vec4 0, 0, 1;
    %store/vec4 v0x105429860_0, 0, 1;
    %pushi/vec4 1, 0, 1;
    %store/vec4 v0x1054297c0_0, 0, 1;
    %delay 1000, 0;
    %vpi_call 2 20 "$display", "RESET: S=%b R=%b Q=%b Qn=%b", v0x105429860_0, v0x1054297c0_0, v0x105429680_0, v0x105429720_0 {0 0 0};
    %load/vec4 v0x105429680_0;
    %cmpi/ne 0, 0, 1;
    %jmp/1 T_0.2, 6;
    %flag_mov 8, 6;
    %load/vec4 v0x105429720_0;
    %cmpi/ne 1, 0, 1;
    %flag_or 6, 8;
T_0.2;
    %jmp/0xz  T_0.0, 6;
    %vpi_call 2 21 "$display", "SR reset failed" {0 0 0};
T_0.0 ;
    %pushi/vec4 1, 0, 1;
    %store/vec4 v0x105429860_0, 0, 1;
    %pushi/vec4 0, 0, 1;
    %store/vec4 v0x1054297c0_0, 0, 1;
    %delay 1000, 0;
    %vpi_call 2 24 "$display", "SET:   S=%b R=%b Q=%b Qn=%b", v0x105429860_0, v0x1054297c0_0, v0x105429680_0, v0x105429720_0 {0 0 0};
    %load/vec4 v0x105429680_0;
    %cmpi/ne 1, 0, 1;
    %jmp/1 T_0.5, 6;
    %flag_mov 8, 6;
    %load/vec4 v0x105429720_0;
    %cmpi/ne 0, 0, 1;
    %flag_or 6, 8;
T_0.5;
    %jmp/0xz  T_0.3, 6;
    %vpi_call 2 25 "$display", "SR set failed" {0 0 0};
T_0.3 ;
    %pushi/vec4 0, 0, 1;
    %store/vec4 v0x105429860_0, 0, 1;
    %pushi/vec4 0, 0, 1;
    %store/vec4 v0x1054297c0_0, 0, 1;
    %delay 1000, 0;
    %vpi_call 2 28 "$display", "HOLD:  S=%b R=%b Q=%b Qn=%b", v0x105429860_0, v0x1054297c0_0, v0x105429680_0, v0x105429720_0 {0 0 0};
    %load/vec4 v0x105429680_0;
    %cmpi/ne 1, 0, 1;
    %jmp/1 T_0.8, 6;
    %flag_mov 8, 6;
    %load/vec4 v0x105429720_0;
    %cmpi/ne 0, 0, 1;
    %flag_or 6, 8;
T_0.8;
    %jmp/0xz  T_0.6, 6;
    %vpi_call 2 29 "$display", "SR hold failed" {0 0 0};
T_0.6 ;
    %pushi/vec4 1, 0, 1;
    %store/vec4 v0x105429860_0, 0, 1;
    %pushi/vec4 1, 0, 1;
    %store/vec4 v0x1054297c0_0, 0, 1;
    %delay 1000, 0;
    %vpi_call 2 32 "$display", "BAD:   S=%b R=%b Q=%b Qn=%b", v0x105429860_0, v0x1054297c0_0, v0x105429680_0, v0x105429720_0 {0 0 0};
    %load/vec4 v0x105429680_0;
    %cmpi/ne 0, 0, 1;
    %jmp/1 T_0.11, 6;
    %flag_mov 8, 6;
    %load/vec4 v0x105429720_0;
    %cmpi/ne 0, 0, 1;
    %flag_or 6, 8;
T_0.11;
    %jmp/0xz  T_0.9, 6;
    %vpi_call 2 33 "$display", "SR invalid-state failed" {0 0 0};
T_0.9 ;
    %vpi_call 2 35 "$display", "Question 7 test finished." {0 0 0};
    %vpi_call 2 36 "$finish" {0 0 0};
    %end;
    .thread T_0;
# The file index is used to find the file name in the following table.
:file_names 4;
    "N/A";
    "<interactive>";
    "question7_sr_latch_tb.v";
    "question7_srLatch.v";
