#! /opt/homebrew/Cellar/icarus-verilog/13.0/bin/vvp
:ivl_version "13.0 (stable)" "(v13_0)";
:ivl_delay_selection "TYPICAL";
:vpi_time_precision - 12;
:vpi_module "/opt/homebrew/Cellar/icarus-verilog/13.0/lib/ivl/system.vpi";
:vpi_module "/opt/homebrew/Cellar/icarus-verilog/13.0/lib/ivl/vhdl_sys.vpi";
:vpi_module "/opt/homebrew/Cellar/icarus-verilog/13.0/lib/ivl/vhdl_textio.vpi";
:vpi_module "/opt/homebrew/Cellar/icarus-verilog/13.0/lib/ivl/v2005_math.vpi";
:vpi_module "/opt/homebrew/Cellar/icarus-verilog/13.0/lib/ivl/va_math.vpi";
S_0x102b838b0 .scope module, "questions_1_5_7_tb" "questions_1_5_7_tb" 2 3;
 .timescale -9 -12;
v0xb26868320_0 .var "A", 31 0;
v0xb268683c0_0 .var "ALUControl", 2 0;
v0xb26868460_0 .var "B", 31 0;
v0xb26868500_0 .net "Q", 0 0, L_0xb27030930;  1 drivers
v0xb268685a0_0 .net "Qn", 0 0, L_0xb270309a0;  1 drivers
v0xb26868640_0 .var "R", 0 0;
v0xb268686e0_0 .net "Result", 31 0, v0x102b844c0_0;  1 drivers
v0xb26868780_0 .var "S", 0 0;
v0xb26868820_0 .net "Zero", 0 0, L_0x102b7ead0;  1 drivers
v0xb268688c0_0 .var "priority_in", 7 0;
v0xb26868960_0 .net "priority_out", 2 0, v0xb268681e0_0;  1 drivers
v0xb26868a00_0 .net "priority_valid", 0 0, L_0x102b8b890;  1 drivers
S_0x102b83a30 .scope module, "dut_alu" "alu32" 2 19, 3 14 0, S_0x102b838b0;
 .timescale -9 -12;
    .port_info 0 /INPUT 32 "A";
    .port_info 1 /INPUT 32 "B";
    .port_info 2 /INPUT 3 "ALUControl";
    .port_info 3 /OUTPUT 32 "Result";
    .port_info 4 /OUTPUT 1 "Zero";
v0x102b842e0_0 .net "A", 31 0, v0xb26868320_0;  1 drivers
v0x102b84380_0 .net "ALUControl", 2 0, v0xb268683c0_0;  1 drivers
v0x102b84420_0 .net "B", 31 0, v0xb26868460_0;  1 drivers
v0x102b844c0_0 .var "Result", 31 0;
v0x102b84560_0 .net "Zero", 0 0, L_0x102b7ead0;  alias, 1 drivers
L_0xb26c54010 .functor BUFT 1, C4<00000000000000000000000000000000>, C4<0>, C4<0>, C4<0>;
v0x102b81d90_0 .net/2u *"_ivl_0", 31 0, L_0xb26c54010;  1 drivers
E_0xb27004300 .event anyedge, v0x102b84380_0, v0x102b842e0_0, v0x102b84420_0;
L_0x102b7ead0 .cmp/eq 32, v0x102b844c0_0, L_0xb26c54010;
S_0x102b81e30 .scope module, "dut_latch" "sr_latch" 2 33, 4 10 0, S_0x102b838b0;
 .timescale -9 -12;
    .port_info 0 /INPUT 1 "S";
    .port_info 1 /INPUT 1 "R";
    .port_info 2 /OUTPUT 1 "Q";
    .port_info 3 /OUTPUT 1 "Qn";
L_0xb27030930 .functor NOR 1, v0xb26868640_0, L_0xb270309a0, C4<0>, C4<0>;
L_0xb270309a0 .functor NOR 1, v0xb26868780_0, L_0xb27030930, C4<0>, C4<0>;
v0x102b81fb0_0 .net "Q", 0 0, L_0xb27030930;  alias, 1 drivers
v0x102b7e8b0_0 .net "Qn", 0 0, L_0xb270309a0;  alias, 1 drivers
v0xb26868000_0 .net "R", 0 0, v0xb26868640_0;  1 drivers
v0xb268680a0_0 .net "S", 0 0, v0xb26868780_0;  1 drivers
S_0x102b7e950 .scope module, "dut_priority" "priority8" 2 27, 5 8 0, S_0x102b838b0;
 .timescale -9 -12;
    .port_info 0 /INPUT 8 "D";
    .port_info 1 /OUTPUT 3 "Y";
    .port_info 2 /OUTPUT 1 "valid";
v0xb26868140_0 .net "D", 7 0, v0xb268688c0_0;  1 drivers
v0xb268681e0_0 .var "Y", 2 0;
v0xb26868280_0 .net "valid", 0 0, L_0x102b8b890;  alias, 1 drivers
E_0xb27004340 .event anyedge, v0xb26868140_0;
L_0x102b8b890 .reduce/or v0xb268688c0_0;
    .scope S_0x102b83a30;
T_0 ;
    %wait E_0xb27004300;
    %load/vec4 v0x102b84380_0;
    %dup/vec4;
    %pushi/vec4 0, 0, 3;
    %cmp/u;
    %jmp/1 T_0.0, 6;
    %dup/vec4;
    %pushi/vec4 1, 0, 3;
    %cmp/u;
    %jmp/1 T_0.1, 6;
    %dup/vec4;
    %pushi/vec4 2, 0, 3;
    %cmp/u;
    %jmp/1 T_0.2, 6;
    %dup/vec4;
    %pushi/vec4 6, 0, 3;
    %cmp/u;
    %jmp/1 T_0.3, 6;
    %dup/vec4;
    %pushi/vec4 7, 0, 3;
    %cmp/u;
    %jmp/1 T_0.4, 6;
    %pushi/vec4 0, 0, 32;
    %store/vec4 v0x102b844c0_0, 0, 32;
    %jmp T_0.6;
T_0.0 ;
    %load/vec4 v0x102b842e0_0;
    %load/vec4 v0x102b84420_0;
    %and;
    %store/vec4 v0x102b844c0_0, 0, 32;
    %jmp T_0.6;
T_0.1 ;
    %load/vec4 v0x102b842e0_0;
    %load/vec4 v0x102b84420_0;
    %or;
    %store/vec4 v0x102b844c0_0, 0, 32;
    %jmp T_0.6;
T_0.2 ;
    %load/vec4 v0x102b842e0_0;
    %load/vec4 v0x102b84420_0;
    %add;
    %store/vec4 v0x102b844c0_0, 0, 32;
    %jmp T_0.6;
T_0.3 ;
    %load/vec4 v0x102b842e0_0;
    %load/vec4 v0x102b84420_0;
    %sub;
    %store/vec4 v0x102b844c0_0, 0, 32;
    %jmp T_0.6;
T_0.4 ;
    %load/vec4 v0x102b842e0_0;
    %load/vec4 v0x102b84420_0;
    %cmp/s;
    %flag_mov 8, 5;
    %jmp/0 T_0.7, 8;
    %pushi/vec4 1, 0, 32;
    %jmp/1 T_0.8, 8;
T_0.7 ; End of true expr.
    %pushi/vec4 0, 0, 32;
    %jmp/0 T_0.8, 8;
 ; End of false expr.
    %blend;
T_0.8;
    %store/vec4 v0x102b844c0_0, 0, 32;
    %jmp T_0.6;
T_0.6 ;
    %pop/vec4 1;
    %jmp T_0;
    .thread T_0, $push;
    .scope S_0x102b7e950;
T_1 ;
    %wait E_0xb27004340;
    %load/vec4 v0xb26868140_0;
    %dup/vec4;
    %pushi/vec4 255, 127, 8;
    %cmp/x;
    %jmp/1 T_1.0, 4;
    %dup/vec4;
    %pushi/vec4 127, 63, 8;
    %cmp/x;
    %jmp/1 T_1.1, 4;
    %dup/vec4;
    %pushi/vec4 63, 31, 8;
    %cmp/x;
    %jmp/1 T_1.2, 4;
    %dup/vec4;
    %pushi/vec4 31, 15, 8;
    %cmp/x;
    %jmp/1 T_1.3, 4;
    %dup/vec4;
    %pushi/vec4 15, 7, 8;
    %cmp/x;
    %jmp/1 T_1.4, 4;
    %dup/vec4;
    %pushi/vec4 7, 3, 8;
    %cmp/x;
    %jmp/1 T_1.5, 4;
    %dup/vec4;
    %pushi/vec4 3, 1, 8;
    %cmp/x;
    %jmp/1 T_1.6, 4;
    %dup/vec4;
    %pushi/vec4 1, 0, 8;
    %cmp/x;
    %jmp/1 T_1.7, 4;
    %pushi/vec4 0, 0, 3;
    %store/vec4 v0xb268681e0_0, 0, 3;
    %jmp T_1.9;
T_1.0 ;
    %pushi/vec4 7, 0, 3;
    %store/vec4 v0xb268681e0_0, 0, 3;
    %jmp T_1.9;
T_1.1 ;
    %pushi/vec4 6, 0, 3;
    %store/vec4 v0xb268681e0_0, 0, 3;
    %jmp T_1.9;
T_1.2 ;
    %pushi/vec4 5, 0, 3;
    %store/vec4 v0xb268681e0_0, 0, 3;
    %jmp T_1.9;
T_1.3 ;
    %pushi/vec4 4, 0, 3;
    %store/vec4 v0xb268681e0_0, 0, 3;
    %jmp T_1.9;
T_1.4 ;
    %pushi/vec4 3, 0, 3;
    %store/vec4 v0xb268681e0_0, 0, 3;
    %jmp T_1.9;
T_1.5 ;
    %pushi/vec4 2, 0, 3;
    %store/vec4 v0xb268681e0_0, 0, 3;
    %jmp T_1.9;
T_1.6 ;
    %pushi/vec4 1, 0, 3;
    %store/vec4 v0xb268681e0_0, 0, 3;
    %jmp T_1.9;
T_1.7 ;
    %pushi/vec4 0, 0, 3;
    %store/vec4 v0xb268681e0_0, 0, 3;
    %jmp T_1.9;
T_1.9 ;
    %pop/vec4 1;
    %jmp T_1;
    .thread T_1, $push;
    .scope S_0x102b838b0;
T_2 ;
    %vpi_call 2 41 "$display", "Testing alu32..." {0 0 0};
    %pushi/vec4 15, 0, 32;
    %store/vec4 v0xb26868320_0, 0, 32;
    %pushi/vec4 51, 0, 32;
    %store/vec4 v0xb26868460_0, 0, 32;
    %pushi/vec4 0, 0, 3;
    %store/vec4 v0xb268683c0_0, 0, 3;
    %delay 1000, 0;
    %load/vec4 v0xb268686e0_0;
    %cmpi/ne 3, 0, 32;
    %jmp/0xz  T_2.0, 6;
    %vpi_call 2 43 "$display", "ALU AND failed" {0 0 0};
T_2.0 ;
    %pushi/vec4 1, 0, 3;
    %store/vec4 v0xb268683c0_0, 0, 3;
    %delay 1000, 0;
    %load/vec4 v0xb268686e0_0;
    %cmpi/ne 63, 0, 32;
    %jmp/0xz  T_2.2, 6;
    %vpi_call 2 46 "$display", "ALU OR failed" {0 0 0};
T_2.2 ;
    %pushi/vec4 10, 0, 32;
    %store/vec4 v0xb26868320_0, 0, 32;
    %pushi/vec4 15, 0, 32;
    %store/vec4 v0xb26868460_0, 0, 32;
    %pushi/vec4 2, 0, 3;
    %store/vec4 v0xb268683c0_0, 0, 3;
    %delay 1000, 0;
    %load/vec4 v0xb268686e0_0;
    %cmpi/ne 25, 0, 32;
    %jmp/0xz  T_2.4, 6;
    %vpi_call 2 49 "$display", "ALU ADD failed" {0 0 0};
T_2.4 ;
    %pushi/vec4 10, 0, 32;
    %store/vec4 v0xb26868320_0, 0, 32;
    %pushi/vec4 10, 0, 32;
    %store/vec4 v0xb26868460_0, 0, 32;
    %pushi/vec4 6, 0, 3;
    %store/vec4 v0xb268683c0_0, 0, 3;
    %delay 1000, 0;
    %load/vec4 v0xb268686e0_0;
    %cmpi/ne 0, 0, 32;
    %jmp/1 T_2.8, 6;
    %flag_mov 8, 6;
    %load/vec4 v0xb26868820_0;
    %cmpi/ne 1, 0, 1;
    %flag_or 6, 8;
T_2.8;
    %jmp/0xz  T_2.6, 6;
    %vpi_call 2 52 "$display", "ALU SUB/Zero failed" {0 0 0};
T_2.6 ;
    %pushi/vec4 4294967292, 0, 32;
    %store/vec4 v0xb26868320_0, 0, 32;
    %pushi/vec4 3, 0, 32;
    %store/vec4 v0xb26868460_0, 0, 32;
    %pushi/vec4 7, 0, 3;
    %store/vec4 v0xb268683c0_0, 0, 3;
    %delay 1000, 0;
    %load/vec4 v0xb268686e0_0;
    %cmpi/ne 1, 0, 32;
    %jmp/0xz  T_2.9, 6;
    %vpi_call 2 55 "$display", "ALU SLT failed" {0 0 0};
T_2.9 ;
    %vpi_call 2 57 "$display", "Testing priority8..." {0 0 0};
    %pushi/vec4 0, 0, 8;
    %store/vec4 v0xb268688c0_0, 0, 8;
    %delay 1000, 0;
    %load/vec4 v0xb26868a00_0;
    %cmpi/ne 0, 0, 1;
    %jmp/1 T_2.13, 6;
    %flag_mov 8, 6;
    %load/vec4 v0xb26868960_0;
    %cmpi/ne 0, 0, 3;
    %flag_or 6, 8;
T_2.13;
    %jmp/0xz  T_2.11, 6;
    %vpi_call 2 59 "$display", "Priority none failed" {0 0 0};
T_2.11 ;
    %pushi/vec4 18, 0, 8;
    %store/vec4 v0xb268688c0_0, 0, 8;
    %delay 1000, 0;
    %load/vec4 v0xb26868a00_0;
    %cmpi/ne 1, 0, 1;
    %jmp/1 T_2.16, 6;
    %flag_mov 8, 6;
    %load/vec4 v0xb26868960_0;
    %cmpi/ne 4, 0, 3;
    %flag_or 6, 8;
T_2.16;
    %jmp/0xz  T_2.14, 6;
    %vpi_call 2 62 "$display", "Priority middle failed" {0 0 0};
T_2.14 ;
    %pushi/vec4 170, 0, 8;
    %store/vec4 v0xb268688c0_0, 0, 8;
    %delay 1000, 0;
    %load/vec4 v0xb26868a00_0;
    %cmpi/ne 1, 0, 1;
    %jmp/1 T_2.19, 6;
    %flag_mov 8, 6;
    %load/vec4 v0xb26868960_0;
    %cmpi/ne 7, 0, 3;
    %flag_or 6, 8;
T_2.19;
    %jmp/0xz  T_2.17, 6;
    %vpi_call 2 65 "$display", "Priority high failed" {0 0 0};
T_2.17 ;
    %vpi_call 2 67 "$display", "Testing sr_latch..." {0 0 0};
    %pushi/vec4 0, 0, 1;
    %store/vec4 v0xb26868780_0, 0, 1;
    %pushi/vec4 1, 0, 1;
    %store/vec4 v0xb26868640_0, 0, 1;
    %delay 1000, 0;
    %load/vec4 v0xb26868500_0;
    %cmpi/ne 0, 0, 1;
    %jmp/1 T_2.22, 6;
    %flag_mov 8, 6;
    %load/vec4 v0xb268685a0_0;
    %cmpi/ne 1, 0, 1;
    %flag_or 6, 8;
T_2.22;
    %jmp/0xz  T_2.20, 6;
    %vpi_call 2 69 "$display", "SR reset failed" {0 0 0};
T_2.20 ;
    %pushi/vec4 1, 0, 1;
    %store/vec4 v0xb26868780_0, 0, 1;
    %pushi/vec4 0, 0, 1;
    %store/vec4 v0xb26868640_0, 0, 1;
    %delay 1000, 0;
    %load/vec4 v0xb26868500_0;
    %cmpi/ne 1, 0, 1;
    %jmp/1 T_2.25, 6;
    %flag_mov 8, 6;
    %load/vec4 v0xb268685a0_0;
    %cmpi/ne 0, 0, 1;
    %flag_or 6, 8;
T_2.25;
    %jmp/0xz  T_2.23, 6;
    %vpi_call 2 72 "$display", "SR set failed" {0 0 0};
T_2.23 ;
    %pushi/vec4 0, 0, 1;
    %store/vec4 v0xb26868780_0, 0, 1;
    %pushi/vec4 0, 0, 1;
    %store/vec4 v0xb26868640_0, 0, 1;
    %delay 1000, 0;
    %load/vec4 v0xb26868500_0;
    %cmpi/ne 1, 0, 1;
    %jmp/1 T_2.28, 6;
    %flag_mov 8, 6;
    %load/vec4 v0xb268685a0_0;
    %cmpi/ne 0, 0, 1;
    %flag_or 6, 8;
T_2.28;
    %jmp/0xz  T_2.26, 6;
    %vpi_call 2 75 "$display", "SR hold failed" {0 0 0};
T_2.26 ;
    %pushi/vec4 1, 0, 1;
    %store/vec4 v0xb26868780_0, 0, 1;
    %pushi/vec4 1, 0, 1;
    %store/vec4 v0xb26868640_0, 0, 1;
    %delay 1000, 0;
    %load/vec4 v0xb26868500_0;
    %cmpi/ne 0, 0, 1;
    %jmp/1 T_2.31, 6;
    %flag_mov 8, 6;
    %load/vec4 v0xb268685a0_0;
    %cmpi/ne 0, 0, 1;
    %flag_or 6, 8;
T_2.31;
    %jmp/0xz  T_2.29, 6;
    %vpi_call 2 78 "$display", "SR invalid-state failed" {0 0 0};
T_2.29 ;
    %vpi_call 2 80 "$display", "Tests finished." {0 0 0};
    %vpi_call 2 81 "$finish" {0 0 0};
    %end;
    .thread T_2;
# The file index is used to find the file name in the following table.
:file_names 6;
    "N/A";
    "<interactive>";
    "questions_1_5_7_tb.v";
    "question1_alu32.v";
    "question7_sr_latch.v";
    "question5_priority8.v";
